<?xml version="1.0" encoding="UTF-8"?>
<testng-results skipped="0" failed="0" total="1" passed="1">
  <reporter-output>
  </reporter-output>
  <suite name="Default suite" duration-ms="34" started-at="2015-08-28T01:31:50Z" finished-at="2015-08-28T01:31:50Z">
    <groups>
    </groups>
    <test name="Default test" duration-ms="34" started-at="2015-08-28T01:31:50Z" finished-at="2015-08-28T01:31:50Z">
      <class name="test.String.TestStringPractice3b">
        <test-method status="PASS" signature="replaceSubString()[pri:0, instance:test.String.TestStringPractice3b@67117f44]" name="replaceSubString" duration-ms="17" started-at="2015-08-27T18:31:50Z" finished-at="2015-08-27T18:31:50Z">
          <reporter-output>
          </reporter-output>
        </test-method> <!-- replaceSubString -->
      </class> <!-- test.String.TestStringPractice3b -->
    </test> <!-- Default test -->
  </suite> <!-- Default suite -->
</testng-results>
